
> @foobar/schema@ build /Users/pmelab/Code/foobar/packages/schema
> graphql-codegen

[STARTED] Parse Configuration
[SUCCESS] Parse Configuration
[STARTED] Generate outputs
[STARTED] Generate to build/index.ts
[STARTED] Load GraphQL schemas
[SUCCESS] Load GraphQL schemas
[STARTED] Load GraphQL documents
[SUCCESS] Load GraphQL documents
[STARTED] Generate
[SUCCESS] Generate
[SUCCESS] Generate to build/index.ts
[STARTED] Generate to build/map.json
[STARTED] Load GraphQL schemas
[SUCCESS] Load GraphQL schemas
[STARTED] Load GraphQL documents
[SUCCESS] Load GraphQL documents
[STARTED] Generate
[SUCCESS] Generate
[SUCCESS] Generate to build/map.json
[SUCCESS] Generate outputs
